<?xml version="1.0" encoding="UTF-8"?>
<!-- Generated by org.testng.reporters.JUnitReportReporter -->
<testsuite hostname="Arpita" failures="0" tests="1" name="demo.Test1" time="0.016" errors="0" timestamp="2024-09-18T19:21:14 IST" skipped="0">
  <testcase classname="demo.Test1" name="createProduct" time="0.016"/>
  <system-out/>
</testsuite> <!-- demo.Test1 -->
