<?xml version="1.0" encoding="UTF-8"?>
<!-- Generated by org.testng.reporters.JUnitReportReporter -->
<testsuite hostname="Arpita" failures="0" tests="1" name="demo.SampleTest" time="0.017" errors="0" timestamp="2024-09-19T20:58:19 IST" skipped="0">
  <testcase classname="demo.SampleTest" name="createProduct" time="0.017"/>
  <system-out/>
</testsuite> <!-- demo.SampleTest -->
